<?xml version="1.0" encoding="UTF-8"?>
<!-- Generated by org.testng.reporters.JUnitReportReporter -->
<testsuite name="com.wanmen.cases.users.LoginTest" tests="5" time="1.026" ignored="0" failures="0" timestamp="04 八月 2020 02:19:38 GMT" skipped="0" hostname="cuiyishuodeMacBook-Pro.local" errors="0">
  <testcase name="loginFalse" time="0.025" classname="com.wanmen.cases.users.LoginTest"/>
  <testcase name="loginTrue" time="0.262" classname="com.wanmen.cases.users.LoginTest"/>
  <testcase name="loginFalse" time="0.028" classname="com.wanmen.cases.users.LoginTest"/>
  <testcase name="loginTrue" time="0.687" classname="com.wanmen.cases.users.LoginTest"/>
  <testcase name="loginFalse" time="0.024" classname="com.wanmen.cases.users.LoginTest"/>
</testsuite> <!-- com.wanmen.cases.users.LoginTest -->
